INFO:  latexindent.pl version 3.24.5, 2025-03-13, a script to indent .tex files
       latexindent.pl lives here: /opt/homebrew/Cellar/latexindent/3.24.5/libexec/bin/
       Mon Apr 20 21:45:00 2026
       Filename: /Users/nai1ka/Projects/thesis_template/chapters/__latexindent_temp_chapter3.tex
INFO:  Processing switches:
       -y|--yaml: YAML settings specified via command line
       -c|--cruft: cruft directory
INFO:  Directory for backup files and log file /Users/nai1ka/Projects/thesis_template/indent.log:
       /Users/nai1ka/Projects/thesis_template/
INFO:  Perl modules are being loaded from the following directories:
       /opt/homebrew/opt/perl/lib/perl5/5.40/FindBin.pm
       /opt/homebrew/Cellar/latexindent/3.24.5/libexec/lib/perl5/YAML/Tiny.pm
       /opt/homebrew/opt/perl/lib/perl5/5.40/File/Copy.pm
       /opt/homebrew/opt/perl/lib/perl5/5.40/File/Basename.pm
       /opt/homebrew/opt/perl/lib/perl5/5.40/Getopt/Long.pm
       /opt/homebrew/Cellar/latexindent/3.24.5/libexec/lib/perl5/File/HomeDir.pm
INFO:  LatexIndent perl modules are being loaded from, for example:
       /opt/homebrew/Cellar/latexindent/3.24.5/libexec/lib/perl5/LatexIndent/Document.pm
INFO:  YAML settings read: defaultSettings.yaml
       Reading defaultSettings.yaml from /opt/homebrew/Cellar/latexindent/3.24.5/libexec/bin/defaultSettings.yaml
INFO:  YAML reading settings
       Home directory is /Users/nai1ka
       latexindent.pl didn't find indentconfig.yaml or .indentconfig.yaml
       see all possible locations: https://latexindentpl.readthedocs.io/en/latest/sec-appendices.html#indentconfig-options)
INFO:  YAML settings read: -y switch
       YAML setting: defaultIndent:'    '
       single-quoted string found in -y switch: '    ', substitute to     
       Updating mainSettings with defaultIndent:     
INFO:  Phase 1: searching for objects
INFO:  Phase 2: finding surrounding indentation
INFO:  Phase 3: indenting objects
INFO:  Phase 4: final indentation check
INFO:  Output routine:
       Not outputting to file; see -w and -o switches for more options.
       --------------
INFO:  Please direct all communication/issues to:
        https://github.com/cmhughes/latexindent.pl
